Build started 02/03/2017 14:24:33.
     1>Project "F:\Year2\c++\Projects\Semester2\Assignment\TASK5\TASK5\TASK5.vcxproj" on node 2 (Build target(s)).
     1>ClCompile:
         C:\Program Files (x86)\Microsoft Visual Studio 14.0\VC\bin\CL.exe /c /ZI /nologo /W3 /WX- /sdl /Od /Oy- /D WIN32 /D _DEBUG /D _CONSOLE /D _UNICODE /D UNICODE /Gm /EHsc /RTC1 /MDd /GS /fp:precise /Zc:wchar_t /Zc:forScope /Zc:inline /Yc"stdafx.h" /Fp"Debug\TASK5.pch" /Fo"Debug\\" /Fd"Debug\vc140.pdb" /Gd /TP /analyze- /errorReport:prompt stdafx.cpp
         stdafx.cpp
         C:\Program Files (x86)\Microsoft Visual Studio 14.0\VC\bin\CL.exe /c /ZI /nologo /W3 /WX- /sdl /Od /Oy- /D WIN32 /D _DEBUG /D _CONSOLE /D _UNICODE /D UNICODE /Gm /EHsc /RTC1 /MDd /GS /fp:precise /Zc:wchar_t /Zc:forScope /Zc:inline /Yu"stdafx.h" /Fp"Debug\TASK5.pch" /Fo"Debug\\" /Fd"Debug\vc140.pdb" /Gd /TP /analyze- /errorReport:prompt binaryTree.cpp huffmanCodeTree.cpp node.cpp symbolFreq.cpp TASK5.cpp
         TASK5.cpp
         symbolFreq.cpp
         node.cpp
         huffmanCodeTree.cpp
         binaryTree.cpp
         Generating Code...
       Link:
         C:\Program Files (x86)\Microsoft Visual Studio 14.0\VC\bin\link.exe /ERRORREPORT:PROMPT /OUT:"F:\Year2\c++\Projects\Semester2\Assignment\TASK5\Debug\TASK5.exe" /INCREMENTAL /NOLOGO kernel32.lib user32.lib gdi32.lib winspool.lib comdlg32.lib advapi32.lib shell32.lib ole32.lib oleaut32.lib uuid.lib odbc32.lib odbccp32.lib /MANIFEST /MANIFESTUAC:"level='asInvoker' uiAccess='false'" /manifest:embed /Debug /PDB:"F:\Year2\c++\Projects\Semester2\Assignment\TASK5\Debug\TASK5.pdb" /SUBSYSTEM:CONSOLE /TLBID:1 /DYNAMICBASE /NXCOMPAT /IMPLIB:"F:\Year2\c++\Projects\Semester2\Assignment\TASK5\Debug\TASK5.lib" /MACHINE:X86 Debug\binaryTree.obj
         Debug\huffmanCodeTree.obj
         Debug\node.obj
         Debug\stdafx.obj
         Debug\symbolFreq.obj
         Debug\TASK5.obj
         TASK5.vcxproj -> F:\Year2\c++\Projects\Semester2\Assignment\TASK5\Debug\TASK5.exe
     1>Done Building Project "F:\Year2\c++\Projects\Semester2\Assignment\TASK5\TASK5\TASK5.vcxproj" (Build target(s)).

Build succeeded.

Time Elapsed 00:00:05.08
