Build started 02/03/2017 13:53:07.
     1>Project "F:\Year2\c++\Projects\Semester2\TASK4\TASK4\TASK4.vcxproj" on node 2 (Build target(s)).
     1>ClCompile:
         C:\Program Files (x86)\Microsoft Visual Studio 14.0\VC\bin\CL.exe /c /ZI /nologo /W3 /WX- /sdl /Od /Oy- /D WIN32 /D _DEBUG /D _CONSOLE /D _UNICODE /D UNICODE /Gm /EHsc /RTC1 /MDd /GS /fp:precise /Zc:wchar_t /Zc:forScope /Zc:inline /Yu"stdafx.h" /Fp"Debug\TASK4.pch" /Fo"Debug\\" /Fd"Debug\vc140.pdb" /Gd /TP /analyze- /errorReport:prompt TASK4.cpp binaryTree.cpp huffmanCodeTree.cpp node.cpp
         node.cpp
         Generating Code...
         Compiling...
         TASK4.cpp
         Generating Code...
         Compiling...
         huffmanCodeTree.cpp
         Generating Code...
         Skipping... (no relevant changes detected)
         binaryTree.cpp
       Link:
         C:\Program Files (x86)\Microsoft Visual Studio 14.0\VC\bin\link.exe /ERRORREPORT:PROMPT /OUT:"F:\Year2\c++\Projects\Semester2\TASK4\Debug\TASK4.exe" /INCREMENTAL /NOLOGO kernel32.lib user32.lib gdi32.lib winspool.lib comdlg32.lib advapi32.lib shell32.lib ole32.lib oleaut32.lib uuid.lib odbc32.lib odbccp32.lib /MANIFEST /MANIFESTUAC:"level='asInvoker' uiAccess='false'" /manifest:embed /Debug /PDB:"F:\Year2\c++\Projects\Semester2\TASK4\Debug\TASK4.pdb" /SUBSYSTEM:CONSOLE /TLBID:1 /DYNAMICBASE /NXCOMPAT /IMPLIB:"F:\Year2\c++\Projects\Semester2\TASK4\Debug\TASK4.lib" /MACHINE:X86 Debug\binaryTree.obj
         Debug\huffmanCodeTree.obj
         Debug\node.obj
         Debug\stdafx.obj
         Debug\symbolFreq.obj
         Debug\TASK4.obj
         TASK4.vcxproj -> F:\Year2\c++\Projects\Semester2\TASK4\Debug\TASK4.exe
     1>Done Building Project "F:\Year2\c++\Projects\Semester2\TASK4\TASK4\TASK4.vcxproj" (Build target(s)).

Build succeeded.

Time Elapsed 00:00:02.59
