e:\year2\c++\projects\semester2\task4\task4\debug\task4.pch
e:\year2\c++\projects\semester2\task4\task4\debug\vc140.pdb
e:\year2\c++\projects\semester2\task4\task4\debug\vc140.idb
e:\year2\c++\projects\semester2\task4\task4\debug\stdafx.obj
e:\year2\c++\projects\semester2\task4\task4\debug\binarytree.obj
e:\year2\c++\projects\semester2\task4\task4\debug\huffmancodetree.obj
e:\year2\c++\projects\semester2\task4\task4\debug\node.obj
e:\year2\c++\projects\semester2\task4\task4\debug\symbolfreq.obj
e:\year2\c++\projects\semester2\task4\task4\debug\task4.obj
e:\year2\c++\projects\semester2\task4\debug\task4.ilk
e:\year2\c++\projects\semester2\task4\debug\task4.exe
e:\year2\c++\projects\semester2\task4\debug\task4.pdb
e:\year2\c++\projects\semester2\task4\task4\debug\task4.obj.enc
e:\year2\c++\projects\semester2\task4\task4\debug\huffmancodetree.obj.enc
e:\year2\c++\projects\semester2\task4\task4\debug\task4.tlog\cl.read.1.tlog
e:\year2\c++\projects\semester2\task4\task4\debug\task4.tlog\cl.write.1.tlog
e:\year2\c++\projects\semester2\task4\task4\debug\task4.tlog\cl.command.1.tlog
e:\year2\c++\projects\semester2\task4\task4\debug\task4.tlog\link.read.1.tlog
e:\year2\c++\projects\semester2\task4\task4\debug\task4.tlog\link.write.1.tlog
e:\year2\c++\projects\semester2\task4\task4\debug\task4.tlog\link.command.1.tlog
