  stdafx.cpp
  Student.cpp
Student.cpp(42): fatal error C1010: unexpected end of file while looking for precompiled header. Did you forget to add '#include "stdafx.h"' to your source?
  TASK7.cpp
TASK7.cpp(17): error C2065: 'map': undeclared identifier
TASK7.cpp(17): error C2062: type 'int' unexpected
TASK7.cpp(24): error C2065: 'map': undeclared identifier
TASK7.cpp(24): error C2062: type 'int' unexpected
TASK7.cpp(28): error C2065: 'cout': undeclared identifier
TASK7.cpp(29): error C2065: 'cout': undeclared identifier
TASK7.cpp(30): error C2065: 'cout': undeclared identifier
TASK7.cpp(31): error C2065: 'cout': undeclared identifier
TASK7.cpp(32): error C2065: 'cout': undeclared identifier
TASK7.cpp(33): error C2065: 'cout': undeclared identifier
TASK7.cpp(35): error C2065: 'cout': undeclared identifier
TASK7.cpp(37): error C2065: 'cin': undeclared identifier
TASK7.cpp(42): error C2065: 'cout': undeclared identifier
TASK7.cpp(43): error C2065: 'cin': undeclared identifier
TASK7.cpp(44): error C2065: 'Cohort': undeclared identifier
TASK7.cpp(47): error C2065: 'cout': undeclared identifier
TASK7.cpp(48): error C2065: 'cin': undeclared identifier
TASK7.cpp(49): error C2065: 'Cohort': undeclared identifier
TASK7.cpp(49): error C2228: left of '.erase' must have class/struct/union
  TASK7.cpp(49): note: type is 'unknown-type'
TASK7.cpp(51): error C2065: 'Cohort': undeclared identifier
TASK7.cpp(51): error C3861: 'PrintAllStudents': identifier not found
TASK7.cpp(53): error C2065: 'Cohort': undeclared identifier
TASK7.cpp(53): error C2228: left of '.erase' must have class/struct/union
  TASK7.cpp(53): note: type is 'unknown-type'
TASK7.cpp(53): error C2228: left of '.begin' must have class/struct/union
  TASK7.cpp(53): note: type is 'unknown-type'
TASK7.cpp(53): error C2228: left of '.end' must have class/struct/union
  TASK7.cpp(53): note: type is 'unknown-type'
TASK7.cpp(57): error C2065: 'cout': undeclared identifier
TASK7.cpp(69): error C2065: 'cout': undeclared identifier
TASK7.cpp(70): error C2065: 'cin': undeclared identifier
TASK7.cpp(74): error C2065: 'cout': undeclared identifier
TASK7.cpp(75): error C2065: 'cin': undeclared identifier
TASK7.cpp(78): error C2065: 'cout': undeclared identifier
TASK7.cpp(79): error C2065: 'cin': undeclared identifier
TASK7.cpp(85): error C2065: 'map': undeclared identifier
TASK7.cpp(85): error C2062: type 'int' unexpected
TASK7.cpp(86): error C2143: syntax error: missing ';' before '{'
TASK7.cpp(86): error C2447: '{': missing function header (old-style formal list?)
TASK7.cpp(105): error C2065: 'cout': undeclared identifier
TASK7.cpp(106): error C2065: 'cin': undeclared identifier
TASK7.cpp(118): error C2065: 'cout': undeclared identifier
TASK7.cpp(102): fatal error C1075: the left brace '{' was unmatched at the end of the file
