Build started 05/02/2017 17:05:43.
     1>Project "F:\Year2\c++\Projects\TASK4\TASK4\TASK4.vcxproj" on node 2 (Build target(s)).
     1>ClCompile:
         C:\Program Files (x86)\Microsoft Visual Studio 14.0\VC\bin\CL.exe /c /Zi /nologo /W3 /WX- /sdl /O2 /Oi /Oy- /GL /D WIN32 /D NDEBUG /D _CONSOLE /D _UNICODE /D UNICODE /Gm- /EHsc /MD /GS /Gy /fp:precise /Zc:wchar_t /Zc:forScope /Zc:inline /Yc"stdafx.h" /Fp"Release\TASK4.pch" /Fo"Release\\" /Fd"Release\vc140.pdb" /Gd /TP /analyze- /errorReport:prompt stdafx.cpp
         stdafx.cpp
         C:\Program Files (x86)\Microsoft Visual Studio 14.0\VC\bin\CL.exe /c /Zi /nologo /W3 /WX- /sdl /O2 /Oi /Oy- /GL /D WIN32 /D NDEBUG /D _CONSOLE /D _UNICODE /D UNICODE /Gm- /EHsc /MD /GS /Gy /fp:precise /Zc:wchar_t /Zc:forScope /Zc:inline /Yu"stdafx.h" /Fp"Release\TASK4.pch" /Fo"Release\\" /Fd"Release\vc140.pdb" /Gd /TP /analyze- /errorReport:prompt gameBoard.cpp player.cpp dungeon_crawler.cpp traps.cpp treasure.cpp
         gameBoard.cpp
         player.cpp
         dungeon_crawler.cpp
     1>dungeon_crawler.cpp(21): warning C4244: 'argument': conversion from 'time_t' to 'unsigned int', possible loss of data
         traps.cpp
         treasure.cpp
       Link:
         C:\Program Files (x86)\Microsoft Visual Studio 14.0\VC\bin\link.exe /ERRORREPORT:PROMPT /OUT:"F:\Year2\c++\Projects\TASK4\Release\TASK4.exe" /INCREMENTAL:NO /NOLOGO kernel32.lib user32.lib gdi32.lib winspool.lib comdlg32.lib advapi32.lib shell32.lib ole32.lib oleaut32.lib uuid.lib odbc32.lib odbccp32.lib /MANIFEST /MANIFESTUAC:"level='asInvoker' uiAccess='false'" /manifest:embed /Debug /PDB:"F:\Year2\c++\Projects\TASK4\Release\TASK4.pdb" /SUBSYSTEM:CONSOLE /OPT:REF /OPT:ICF /LTCG:incremental /TLBID:1 /DYNAMICBASE /NXCOMPAT /IMPLIB:"F:\Year2\c++\Projects\TASK4\Release\TASK4.lib" /MACHINE:X86 /SAFESEH Release\gameBoard.obj
         Release\player.obj
         Release\stdafx.obj
         Release\dungeon_crawler.obj
         Release\traps.obj
         Release\treasure.obj
         Generating code
         All 403 functions were compiled because no usable IPDB/IOBJ from previous compilation was found.
         Finished generating code
         TASK4.vcxproj -> F:\Year2\c++\Projects\TASK4\Release\TASK4.exe
     1>Done Building Project "F:\Year2\c++\Projects\TASK4\TASK4\TASK4.vcxproj" (Build target(s)).

Build succeeded.

Time Elapsed 00:00:05.12
